<?xml version="1.0" encoding="utf-8"?><testsuites name="pytest tests"><testsuite name="pytest" errors="0" failures="0" skipped="1" tests="8" time="2.291" timestamp="2026-08-24T10:01:26.028828+00:00" hostname="agent-env-03ff9660-7f11-4fba-ab9b-1022dbdbf04b"><testcase classname="tests.test_iter24_deposit_checkin.TestCheckinPublic" name="test_checkin_get_ok" time="0.546" /><testcase classname="tests.test_iter24_deposit_checkin.TestDepositQuote" name="test_quote_returns_deposit_fields" time="0.721" /><testcase classname="tests.test_iter24_deposit_checkin.TestCheckinPublic" name="test_checkin_get_unknown_slug_404" time="0.102" /><testcase classname="tests.test_iter24_deposit_checkin.TestCheckinPublic" name="test_checkin_get_unknown_id_404" time="0.077" /><testcase classname="tests.test_iter24_deposit_checkin.TestDepositQuote" name="test_quote_no_deposit_when_policy_cleared" time="0.293"><skipped type="pytest.xfail" message="Backend bug: PUT /preferences cannot clear deposit_policy_id (server.py:2558 falls back to cur value on empty string). Frontend chip 'Paiement intégral' (dep-none) is therefore broken." /></testcase><testcase classname="tests.test_iter24_deposit_checkin.TestCheckinPublic" name="test_checkin_post_and_reflects" time="0.183" /><testcase classname="tests.test_iter24_deposit_checkin.TestDepositCheckout" name="test_checkout_uses_deposit_amount" time="0.969" /><testcase classname="tests.test_iter24_deposit_checkin.TestDefaultSite" name="test_default_site_returns_slug" time="0.693" /></testsuite></testsuites>