<?xml version="1.0" encoding="utf-8"?><testsuites name="pytest tests"><testsuite name="pytest" errors="0" failures="0" skipped="0" tests="20" time="4.946" timestamp="2026-08-22T14:11:54.211911+00:00" hostname="agent-env-03ff9660-7f11-4fba-ab9b-1022dbdbf04b"><testcase classname="tests.test_finance_stripe_analytics.TestAuth401" name="test_endpoints_require_auth[PATCH-/api/reservations/x/commission-body0]" time="0.427" /><testcase classname="tests.test_finance_stripe_analytics.TestStripeCheckout" name="test_checkout_payment_without_amount_uses_due" time="1.647" /><testcase classname="tests.test_finance_stripe_analytics.TestAuth401" name="test_endpoints_require_auth[POST-/api/reservations/x/checkout-body1]" time="0.071" /><testcase classname="tests.test_finance_stripe_analytics.TestAuth401" name="test_endpoints_require_auth[GET-/api/checkout/status/cs_test_x-None]" time="0.646" /><testcase classname="tests.test_finance_stripe_analytics.TestAuth401" name="test_endpoints_require_auth[GET-/api/analytics/revenue-None]" time="0.378" /><testcase classname="tests.test_finance_stripe_analytics.TestCommission" name="test_set_commission_positive" time="1.255" /><testcase classname="tests.test_finance_stripe_analytics.TestStripeCheckout" name="test_checkout_deposit_with_amount" time="1.279" /><testcase classname="tests.test_finance_stripe_analytics.TestCommission" name="test_set_commission_negative_rejected" time="0.374" /><testcase classname="tests.test_finance_stripe_analytics.TestStripeCheckout" name="test_checkout_deposit_amount_zero_rejected" time="0.363" /><testcase classname="tests.test_finance_stripe_analytics.TestCommission" name="test_set_commission_reservation_not_found" time="0.084" /><testcase classname="tests.test_finance_stripe_analytics.TestPreferences" name="test_get_preferences_defaults" time="0.073" /><testcase classname="tests.test_finance_stripe_analytics.TestStripeCheckout" name="test_checkout_reservation_not_found" time="0.097" /><testcase classname="tests.test_finance_stripe_analytics.TestPreferences" name="test_put_commission_rates_only_preserves_custom_statuses" time="0.213" /><testcase classname="tests.test_finance_stripe_analytics.TestStripeCheckout" name="test_checkout_status_unknown_session" time="0.072" /><testcase classname="tests.test_finance_stripe_analytics.TestPreferences" name="test_put_commission_rates_clamping" time="0.099" /><testcase classname="tests.test_finance_stripe_analytics.TestFinanceInit" name="test_manual_reservation_finance_shape" time="0.301" /><testcase classname="tests.test_finance_stripe_analytics.TestAnalytics" name="test_analytics_revenue_year_2026_shape_and_split" time="0.477" /><testcase classname="tests.test_finance_stripe_analytics.TestFinanceInit" name="test_manual_reservation_zero_total" time="0.238" /><testcase classname="tests.test_finance_stripe_analytics.TestFinanceUpdateOnPUT" name="test_put_updates_finance_total_and_due" time="0.431" /><testcase classname="tests.test_finance_stripe_analytics.TestAnalytics" name="test_analytics_revenue_defaults_current_year" time="0.207" /></testsuite></testsuites>