<?xml version="1.0" encoding="utf-8"?><testsuites name="pytest tests"><testsuite name="pytest" errors="0" failures="0" skipped="0" tests="176" time="40.500" timestamp="2026-08-22T15:58:14.014410+00:00" hostname="agent-env-03ff9660-7f11-4fba-ab9b-1022dbdbf04b"><testcase classname="tests.test_backend" name="test_endpoints_require_auth[GET-/api/auth/me]" time="0.122" /><testcase classname="tests.test_lodgify_channel.TestLodgifyFlow" name="test_01_connect_invalid_key" time="0.279" /><testcase classname="tests.test_backend" name="test_endpoints_require_auth[GET-/api/properties]" time="0.089" /><testcase classname="tests.test_backend" name="test_endpoints_require_auth[POST-/api/properties]" time="0.121" /><testcase classname="tests.test_lodgify_channel.TestLodgifyFlow" name="test_02_connect_valid" time="1.027" /><testcase classname="tests.test_backend" name="test_endpoints_require_auth[GET-/api/properties/x]" time="0.083" /><testcase classname="tests.test_backend" name="test_endpoints_require_auth[PUT-/api/properties/x]" time="0.072" /><testcase classname="tests.test_backend" name="test_endpoints_require_auth[DELETE-/api/properties/x]" time="0.080" /><testcase classname="tests.test_backend" name="test_endpoints_require_auth[GET-/api/reservations]" time="0.079" /><testcase classname="tests.test_backend" name="test_endpoints_require_auth[POST-/api/reservations]" time="0.078" /><testcase classname="tests.test_backend" name="test_endpoints_require_auth[PUT-/api/reservations/x]" time="0.069" /><testcase classname="tests.test_backend" name="test_endpoints_require_auth[PATCH-/api/reservations/x/status]" time="0.088" /><testcase classname="tests.test_backend" name="test_endpoints_require_auth[DELETE-/api/reservations/x]" time="0.073" /><testcase classname="tests.test_backend" name="test_endpoints_require_auth[GET-/api/interventions]" time="0.071" /><testcase classname="tests.test_backend" name="test_endpoints_require_auth[POST-/api/interventions]" time="0.073" /><testcase classname="tests.test_backend" name="test_endpoints_require_auth[PUT-/api/interventions/x]" time="0.068" /><testcase classname="tests.test_backend" name="test_endpoints_require_auth[DELETE-/api/interventions/x]" time="0.076" /><testcase classname="tests.test_backend" name="test_endpoints_require_auth[GET-/api/dashboard]" time="0.071" /><testcase classname="tests.test_lodgify_channel.TestLodgifyFlow" name="test_03_status_connected" time="0.078" /><testcase classname="tests.test_backend" name="test_endpoints_require_auth[POST-/api/ai/guest-reply]" time="0.124" /><testcase classname="tests.test_lodgify_channel.TestLodgifyFlow" name="test_04_sync_without_linked_property_400" time="0.070" /><testcase classname="tests.test_lodgify_channel.TestLodgifyFlow" name="test_05_import_properties" time="1.695" /><testcase classname="tests.test_backend" name="test_endpoints_require_auth[POST-/api/ai/pricing-suggestion]" time="0.092" /><testcase classname="tests.test_backend" name="test_endpoints_require_auth[GET-/api/preferences]" time="0.072" /><testcase classname="tests.test_backend" name="test_endpoints_require_auth[PUT-/api/preferences]" time="0.068" /><testcase classname="tests.test_backend" name="test_auth_session_bad_id" time="0.344" /><testcase classname="tests.test_backend" name="test_auth_me_returns_user" time="0.081" /><testcase classname="tests.test_backend" name="test_data_isolation" time="0.229" /><testcase classname="tests.test_backend" name="test_preferences_scoped_per_user" time="0.252" /><testcase classname="tests.test_backend" name="test_logout" time="0.106" /><testcase classname="tests.test_backend" name="test_interventions_scoped_per_user" time="0.344" /><testcase classname="tests.test_member_auth_scope.TestMemberFlow" name="test_01_owner_sees_all_properties" time="0.076" /><testcase classname="tests.test_member_auth_scope.TestMemberFlow" name="test_02_create_member_with_property_ids" time="0.073" /><testcase classname="tests.test_lodgify_channel.TestLodgifyFlow" name="test_06_import_properties_idempotent" time="1.770" /><testcase classname="tests.test_member_auth_scope.TestMemberFlow" name="test_03_accept_invite_short_password_returns_422" time="0.073" /><testcase classname="tests.test_member_auth_scope.TestMemberFlow" name="test_04_accept_invite_unknown_token_returns_400" time="0.079" /><testcase classname="tests.test_member_auth_scope.TestMemberFlow" name="test_05_accept_invite_valid_returns_session" time="0.123" /><testcase classname="tests.test_member_auth_scope.TestMemberFlow" name="test_06_login_wrong_password_returns_401" time="0.113" /><testcase classname="tests.test_member_auth_scope.TestMemberFlow" name="test_07_login_correct_returns_session" time="0.111" /><testcase classname="tests.test_member_auth_scope.TestMemberFlow" name="test_08_login_email_case_insensitive" time="0.122" /><testcase classname="tests.test_member_auth_scope.TestMemberFlow" name="test_09_member_properties_scoped_to_P1" time="0.070" /><testcase classname="tests.test_member_auth_scope.TestMemberFlow" name="test_10_member_reservations_scoped_to_P1" time="0.086" /><testcase classname="tests.test_member_auth_scope.TestMemberFlow" name="test_11_member_interventions_scoped_to_P1" time="0.073" /><testcase classname="tests.test_member_auth_scope.TestMemberFlow" name="test_12_member_dashboard_scoped_to_P1" time="0.083" /><testcase classname="tests.test_member_auth_scope.TestMemberFlow" name="test_13_invite_sends_email_ok" time="0.408" /><testcase classname="tests.test_staff_owners.TestAuth401" name="test_staff_list_requires_auth" time="0.124" /><testcase classname="tests.test_staff_owners.TestAuth401" name="test_staff_create_requires_auth" time="0.127" /><testcase classname="tests.test_staff_owners.TestAuth401" name="test_staff_update_requires_auth" time="0.072" /><testcase classname="tests.test_staff_owners.TestAuth401" name="test_staff_delete_requires_auth" time="0.071" /><testcase classname="tests.test_lodgify_channel.TestLodgifyFlow" name="test_07_status_mapped_count" time="0.076" /><testcase classname="tests.test_staff_owners.TestAuth401" name="test_owners_list_requires_auth" time="0.077" /><testcase classname="tests.test_lodgify_channel.TestLodgifyFlow" name="test_08_remote_properties_all_imported" time="1.603" /><testcase classname="tests.test_staff_owners.TestAuth401" name="test_owners_create_requires_auth" time="0.099" /><testcase classname="tests.test_staff_owners.TestAuth401" name="test_owners_update_requires_auth" time="0.079" /><testcase classname="tests.test_staff_owners.TestAuth401" name="test_owners_delete_requires_auth" time="0.071" /><testcase classname="tests.test_staff_owners.TestAuth401" name="test_owner_summary_requires_auth" time="0.070" /><testcase classname="tests.test_staff_owners.TestAuth401" name="test_inbox_reply_requires_auth" time="0.072" /><testcase classname="tests.test_members.TestMembersCRUD" name="test_create_member_returns_all_fields" time="0.083" /><testcase classname="tests.test_members.TestMembersCRUD" name="test_create_defaults" time="0.040" /><testcase classname="tests.test_members.TestMembersCRUD" name="test_list_sorted_by_first_name" time="0.200" /><testcase classname="tests.test_members.TestMembersCRUD" name="test_get_member_by_id" time="0.083" /><testcase classname="tests.test_members.TestMembersCRUD" name="test_get_unknown_returns_404" time="0.083" /><testcase classname="tests.test_members.TestMembersCRUD" name="test_update_member_changes_role" time="0.162" /><testcase classname="tests.test_members.TestMembersCRUD" name="test_update_unknown_returns_404" time="0.040" /><testcase classname="tests.test_members.TestMembersCRUD" name="test_delete_member_then_absent" time="0.197" /><testcase classname="tests.test_members.TestMembersCRUD" name="test_delete_unknown_is_idempotent" time="0.042" /><testcase classname="tests.test_lodgify_channel.TestAuthRequired" name="test_channel_connect_401" time="0.077" /><testcase classname="tests.test_lodgify_channel.TestAuthRequired" name="test_channel_status_401" time="0.085" /><testcase classname="tests.test_lodgify_channel.TestAuthRequired" name="test_channel_import_401" time="0.101" /><testcase classname="tests.test_lodgify_channel.TestLodgifyFlow" name="test_09_sync_first" time="2.502" /><testcase classname="tests.test_lodgify_channel.TestAuthRequired" name="test_channel_remote_properties_401" time="0.077" /><testcase classname="tests.test_lodgify_channel.TestAuthRequired" name="test_channel_sync_401" time="0.070" /><testcase classname="tests.test_lodgify_channel.TestAuthRequired" name="test_inbox_list_401" time="0.099" /><testcase classname="tests.test_lodgify_channel.TestAuthRequired" name="test_inbox_thread_401" time="0.091" /><testcase classname="tests.test_ical_sync.TestSyncImport" name="test_import_creates_two_reservations" time="0.383" /><testcase classname="tests.test_ical_sync.TestSyncImport" name="test_sync_is_idempotent_then_removes_stale" time="0.569" /><testcase classname="tests.test_ical_sync.TestSyncImport" name="test_bad_ics_url_records_error" time="0.150" /><testcase classname="tests.test_ical_sync.TestSyncImport" name="test_non_ical_html_response_is_rejected_without_crash" time="0.249" /><testcase classname="tests.test_ical_sync.TestSyncImport" name="test_empty_but_valid_calendar_reports_no_reservations" time="0.214" /><testcase classname="tests.test_ical_sync.TestSyncImport" name="test_http_404_response_reports_http_error" time="0.620" /><testcase classname="tests.test_lodgify_channel.TestLodgifyFlow" name="test_10_sync_second_updates_only" time="3.980" /><testcase classname="tests.test_staff_owners.TestStaffCRUD" name="test_create_staff" time="0.071" /><testcase classname="tests.test_staff_owners.TestStaffCRUD" name="test_create_staff_missing_name" time="0.093" /><testcase classname="tests.test_staff_owners.TestStaffCRUD" name="test_list_staff_sorted" time="0.176" /><testcase classname="tests.test_staff_owners.TestStaffCRUD" name="test_update_staff" time="0.155" /><testcase classname="tests.test_staff_owners.TestStaffCRUD" name="test_update_staff_not_found" time="0.097" /><testcase classname="tests.test_staff_owners.TestStaffCRUD" name="test_delete_staff" time="0.196" /><testcase classname="tests.test_finance_stripe_analytics.TestStripeCheckout" name="test_checkout_payment_without_amount_uses_due" time="1.405" /><testcase classname="tests.test_finance_stripe_analytics.TestStripeCheckout" name="test_checkout_deposit_with_amount" time="1.292" /><testcase classname="tests.test_finance_stripe_analytics.TestStripeCheckout" name="test_checkout_deposit_amount_zero_rejected" time="0.368" /><testcase classname="tests.test_finance_stripe_analytics.TestStripeCheckout" name="test_checkout_reservation_not_found" time="0.074" /><testcase classname="tests.test_lodgify_channel.TestLodgifyFlow" name="test_11_inbox_list" time="0.126" /><testcase classname="tests.test_finance_stripe_analytics.TestStripeCheckout" name="test_checkout_status_unknown_session" time="0.077" /><testcase classname="tests.test_lodgify_channel.TestLodgifyFlow" name="test_12_inbox_thread_messages" time="0.208" /><testcase classname="tests.test_lodgify_channel.TestLodgifyFlow" name="test_13_update_property_preserves_lodgify_id" time="0.208" /><testcase classname="tests.test_staff_owners.TestOwnersCRUD" name="test_create_owner" time="0.660" /><testcase classname="tests.test_backend.TestPreferences" name="test_get_returns_defaults_shape" time="0.069" /><testcase classname="tests.test_backend.TestPreferences" name="test_put_partial_merges_with_defaults" time="0.081" /><testcase classname="tests.test_backend.TestPreferences" name="test_put_custom_status_persists_and_core_retained" time="0.192" /><testcase classname="tests.test_backend.TestPreferences" name="test_core_keys_always_retained_even_if_omitted" time="0.111" /><testcase classname="tests.test_staff_owners.TestOwnersCRUD" name="test_list_owners_has_property_count" time="0.530" /><testcase classname="tests.test_finance_stripe_analytics.TestAuth401" name="test_endpoints_require_auth[PATCH-/api/reservations/x/commission-body0]" time="0.080" /><testcase classname="tests.test_finance_stripe_analytics.TestAuth401" name="test_endpoints_require_auth[POST-/api/reservations/x/checkout-body1]" time="0.110" /><testcase classname="tests.test_finance_stripe_analytics.TestAuth401" name="test_endpoints_require_auth[GET-/api/checkout/status/cs_test_x-None]" time="0.113" /><testcase classname="tests.test_finance_stripe_analytics.TestAuth401" name="test_endpoints_require_auth[GET-/api/analytics/revenue-None]" time="1.110" /><testcase classname="tests.test_members.TestMembersIsolation" name="test_member_created_by_A_not_visible_to_B" time="2.235" /><testcase classname="tests.test_staff_owners.TestOwnersCRUD" name="test_update_owner" time="2.451" /><testcase classname="tests.test_staff_owners.TestOwnersCRUD" name="test_update_owner_not_found" time="0.112" /><testcase classname="tests.test_staff_owners.TestOwnersCRUD" name="test_delete_owner_unlinks_properties" time="0.432" /><testcase classname="tests.test_payments_purge.TestPayments" name="test_first_acompte_partial" time="0.151" /><testcase classname="tests.test_payments_purge.TestPayments" name="test_second_acompte_settles" time="0.089" /><testcase classname="tests.test_payments_purge.TestPayments" name="test_amount_zero_400" time="0.119" /><testcase classname="tests.test_payments_purge.TestPayments" name="test_amount_negative_400" time="0.078" /><testcase classname="tests.test_members.TestMembersIsolation" name="test_B_cannot_GET_A_member" time="0.149" /><testcase classname="tests.test_members.TestMembersIsolation" name="test_B_cannot_PUT_A_member" time="0.116" /><testcase classname="tests.test_auto_cleaning.TestInterventionFields" name="test_post_persists_done_reason_auto_and_get_returns_them" time="0.323" /><testcase classname="tests.test_members.TestMembersIsolation" name="test_B_delete_does_not_affect_A_member" time="0.207" /><testcase classname="tests.test_auto_cleaning.TestInterventionFields" name="test_put_can_mark_done_and_set_reason" time="0.314" /><testcase classname="tests.test_auto_cleaning.TestAutoCleaningOnCreate" name="test_menage_auto_created_on_checkout_date" time="0.468" /><testcase classname="tests.test_auto_cleaning.TestInterventionFields" name="test_auth_still_guards_new_endpoints" time="0.069" /><testcase classname="tests.test_backend.TestProperties" name="test_list_empty" time="0.074" /><testcase classname="tests.test_backend.TestProperties" name="test_full_crud_with_nested" time="0.394" /><testcase classname="tests.test_auto_cleaning.TestAutoCleaningOnCreate" name="test_idempotent_same_property_and_checkout" time="0.659" /><testcase classname="tests.test_backend.TestProperties" name="test_get_nonexistent" time="0.088" /><testcase classname="tests.test_backend.TestAI" name="test_guest_reply" time="3.057" /><testcase classname="tests.test_auto_cleaning.TestAutoCleaningOnCreate" name="test_annulee_does_not_create_auto_cleaning" time="0.228" /><testcase classname="tests.test_finance_stripe_analytics.TestCommission" name="test_set_commission_positive" time="0.288" /><testcase classname="tests.test_finance_stripe_analytics.TestCommission" name="test_set_commission_negative_rejected" time="0.339" /><testcase classname="tests.test_finance_stripe_analytics.TestCommission" name="test_set_commission_reservation_not_found" time="0.074" /><testcase classname="tests.test_finance_stripe_analytics.TestPreferences" name="test_get_preferences_defaults" time="0.079" /><testcase classname="tests.test_finance_stripe_analytics.TestPreferences" name="test_put_commission_rates_only_preserves_custom_statuses" time="0.231" /><testcase classname="tests.test_finance_stripe_analytics.TestPreferences" name="test_put_commission_rates_clamping" time="0.068" /><testcase classname="tests.test_ical_sync.TestSyncAuthAndErrors" name="test_sync_requires_auth" time="0.290" /><testcase classname="tests.test_ical_sync.TestSyncAuthAndErrors" name="test_sync_unknown_property_404" time="0.075" /><testcase classname="tests.test_ical_sync.TestSyncAuthAndErrors" name="test_sync_property_without_links_returns_error_message" time="0.189" /><testcase classname="tests.test_staff_owners.TestOwnerSummary" name="test_summary_not_found" time="0.072" /><testcase classname="tests.test_backend.TestAI" name="test_pricing_suggestion" time="16.923" /><testcase classname="tests.test_staff_owners.TestOwnerSummary" name="test_summary_computation" time="1.827" /><testcase classname="tests.test_staff_owners.TestOwnerSummary" name="test_summary_no_properties" time="0.397" /><testcase classname="tests.test_staff_owners.TestInboxReplyValidation" name="test_empty_message_returns_400" time="0.068" /><testcase classname="tests.test_staff_owners.TestInboxReplyValidation" name="test_whitespace_message_returns_400" time="0.088" /><testcase classname="tests.test_staff_owners.TestInboxReplyValidation" name="test_unknown_thread_returns_404_or_400" time="0.198" /><testcase classname="tests.test_backend.TestCustomStatusPatch" name="test_patch_accepts_custom_status_from_preferences" time="0.322" /><testcase classname="tests.test_backend.TestCustomStatusPatch" name="test_patch_unknown_reservation_still_404" time="0.144" /><testcase classname="tests.test_backend.TestPropertyRichFields" name="test_create_and_reput_preserves_all_fields" time="0.335" /><testcase classname="tests.test_backend.TestPropertyRichFields" name="test_defaults_applied_when_new_fields_omitted" time="0.163" /><testcase classname="tests.test_backend.TestPropertyAddressComplement" name="test_address_complement_persists_and_full_put_preserves_all_fields" time="0.306" /><testcase classname="tests.test_backend.TestPropertyAddressComplement" name="test_address_complement_defaults_to_empty" time="0.106" /><testcase classname="tests.test_finance_stripe_analytics.TestFinanceInit" name="test_manual_reservation_finance_shape" time="0.244" /><testcase classname="tests.test_finance_stripe_analytics.TestFinanceInit" name="test_manual_reservation_zero_total" time="0.352" /><testcase classname="tests.test_finance_stripe_analytics.TestAnalytics" name="test_analytics_revenue_year_2026_shape_and_split" time="0.444" /><testcase classname="tests.test_finance_stripe_analytics.TestAnalytics" name="test_analytics_revenue_defaults_current_year" time="0.223" /><testcase classname="tests.test_members.TestMembersAuth" name="test_unauthenticated_list_rejected" time="0.069" /><testcase classname="tests.test_members.TestMembersAuth" name="test_unauthenticated_create_rejected" time="0.095" /><testcase classname="tests.test_payments_purge.TestPatchPaid" name="test_mark_paid_true" time="0.086" /><testcase classname="tests.test_payments_purge.TestPatchPaid" name="test_mark_paid_false_no_payments" time="0.092" /><testcase classname="tests.test_payments_purge.TestReservationDisplay" name="test_display_fields_present" time="0.079" /><testcase classname="tests.test_payments_purge.TestReservationDisplay" name="test_display_annulee" time="0.106" /><testcase classname="tests.test_staff_owners.TestPropertyOwnerAndLodgifyPreservation" name="test_put_without_owner_id_preserves" time="0.429" /><testcase classname="tests.test_staff_owners.TestPropertyOwnerAndLodgifyPreservation" name="test_put_with_empty_owner_id_clears_link" time="0.548" /><testcase classname="tests.test_auto_cleaning.TestDashboardExcludesDone" name="test_done_future_excluded_and_not_done_future_included" time="0.444" /><testcase classname="tests.test_auto_cleaning.TestAutoCleaningOnUpdate" name="test_put_new_checkout_creates_new_auto_menage" time="0.640" /><testcase classname="tests.test_auto_cleaning.TestAutoCleaningIcalSync" name="test_sync_creates_auto_menage_on_event_checkout" time="0.726" /><testcase classname="tests.test_backend.TestDashboard" name="test_dashboard_shape" time="0.279" /><testcase classname="tests.test_backend.TestDashboardCurrentStays" name="test_current_stays_full_scenario" time="0.653" /><testcase classname="tests.test_backend.TestInterventions" name="test_interventions_full_crud" time="0.601" /><testcase classname="tests.test_backend.TestDashboardInterventions" name="test_dashboard_interventions_filter_and_enrichment" time="0.513" /><testcase classname="tests.test_finance_stripe_analytics.TestFinanceUpdateOnPUT" name="test_put_updates_finance_total_and_due" time="0.281" /><testcase classname="tests.test_ical_sync.TestParserUnit" name="test_parse_date_and_datetime_and_folding" time="1.662" /><testcase classname="tests.test_payments_purge.TestDeletePayment" name="test_delete_recomputes" time="0.351" /><testcase classname="tests.test_payments_purge.TestInterventionsPurge" name="test_past_menage_purged_others_kept" time="0.080" /><testcase classname="tests.test_payments_purge.TestDashboardPurge" name="test_dashboard_purges_past_menage" time="0.088" /><testcase classname="tests.test_payments_purge.TestAuth401" name="test_no_auth_returns_401" time="0.336" /><testcase classname="tests.test_backend.TestAI" name="test_pricing_suggestion_bad_property" time="0.112" /><testcase classname="tests.test_backend.TestReservations" name="test_reservation_crud_and_filters" time="0.424" /><testcase classname="tests.test_backend.TestReservations" name="test_reservation_update_nonexistent" time="0.074" /></testsuite></testsuites>