<?xml version="1.0" encoding="utf-8"?><testsuites name="pytest tests"><testsuite name="pytest" errors="0" failures="0" skipped="0" tests="8" time="1.243" timestamp="2026-09-04T17:52:42.618897+00:00" hostname="agent-env-03ff9660-7f11-4fba-ab9b-1022dbdbf04b"><testcase classname="tests.test_i18n_guest_lang.TestPublicSiteLangEN" name="test_default_site" time="0.233" /><testcase classname="tests.test_i18n_guest_lang.TestPublicSiteLangEN" name="test_site_has_properties" time="0.049" /><testcase classname="tests.test_i18n_guest_lang.TestPublicSiteLangEN" name="test_post_request_lang_en_and_verify_mongo" time="0.137" /><testcase classname="tests.test_i18n_guest_lang.TestReservationGuestLang" name="test_list_properties" time="0.364" /><testcase classname="tests.test_i18n_guest_lang.TestReservationGuestLang" name="test_create_reservation_with_guest_lang_en" time="0.163" /><testcase classname="tests.test_i18n_guest_lang" name="test_dashboard_200" time="0.187" /><testcase classname="tests.test_i18n_guest_lang.TestReservationGuestLang" name="test_zzz_cleanup_reservations" time="0.049" /><testcase classname="tests.test_i18n_guest_lang" name="test_cleaning_schedule_200" time="0.053" /></testsuite></testsuites>