<?xml version="1.0" encoding="utf-8"?><testsuites name="pytest tests"><testsuite name="pytest" errors="0" failures="0" skipped="0" tests="15" time="1.925" timestamp="2026-08-22T15:11:14.667822+00:00" hostname="agent-env-03ff9660-7f11-4fba-ab9b-1022dbdbf04b"><testcase classname="tests.test_members.TestMembersCRUD" name="test_create_member_returns_all_fields" time="0.309" /><testcase classname="tests.test_members.TestMembersIsolation" name="test_member_created_by_A_not_visible_to_B" time="0.407" /><testcase classname="tests.test_members.TestMembersCRUD" name="test_create_defaults" time="0.132" /><testcase classname="tests.test_members.TestMembersIsolation" name="test_B_cannot_GET_A_member" time="0.118" /><testcase classname="tests.test_members.TestMembersCRUD" name="test_list_sorted_by_first_name" time="0.208" /><testcase classname="tests.test_members.TestMembersIsolation" name="test_B_cannot_PUT_A_member" time="0.156" /><testcase classname="tests.test_members.TestMembersCRUD" name="test_get_member_by_id" time="0.105" /><testcase classname="tests.test_members.TestMembersIsolation" name="test_B_delete_does_not_affect_A_member" time="0.220" /><testcase classname="tests.test_members.TestMembersCRUD" name="test_get_unknown_returns_404" time="0.071" /><testcase classname="tests.test_members.TestMembersCRUD" name="test_update_member_changes_role" time="0.216" /><testcase classname="tests.test_members.TestMembersAuth" name="test_unauthenticated_list_rejected" time="0.087" /><testcase classname="tests.test_members.TestMembersAuth" name="test_unauthenticated_create_rejected" time="0.094" /><testcase classname="tests.test_members.TestMembersCRUD" name="test_update_unknown_returns_404" time="0.033" /><testcase classname="tests.test_members.TestMembersCRUD" name="test_delete_member_then_absent" time="0.168" /><testcase classname="tests.test_members.TestMembersCRUD" name="test_delete_unknown_is_idempotent" time="0.040" /></testsuite></testsuites>