<?xml version="1.0" encoding="utf-8"?><testsuites name="pytest tests"><testsuite name="pytest" errors="0" failures="0" skipped="0" tests="13" time="2.408" timestamp="2026-08-22T15:58:04.638643+00:00" hostname="agent-env-03ff9660-7f11-4fba-ab9b-1022dbdbf04b"><testcase classname="tests.test_member_auth_scope.TestMemberFlow" name="test_01_owner_sees_all_properties" time="0.323" /><testcase classname="tests.test_member_auth_scope.TestMemberFlow" name="test_02_create_member_with_property_ids" time="0.184" /><testcase classname="tests.test_member_auth_scope.TestMemberFlow" name="test_03_accept_invite_short_password_returns_422" time="0.084" /><testcase classname="tests.test_member_auth_scope.TestMemberFlow" name="test_04_accept_invite_unknown_token_returns_400" time="0.091" /><testcase classname="tests.test_member_auth_scope.TestMemberFlow" name="test_05_accept_invite_valid_returns_session" time="0.116" /><testcase classname="tests.test_member_auth_scope.TestMemberFlow" name="test_06_login_wrong_password_returns_401" time="0.123" /><testcase classname="tests.test_member_auth_scope.TestMemberFlow" name="test_07_login_correct_returns_session" time="0.129" /><testcase classname="tests.test_member_auth_scope.TestMemberFlow" name="test_08_login_email_case_insensitive" time="0.108" /><testcase classname="tests.test_member_auth_scope.TestMemberFlow" name="test_09_member_properties_scoped_to_P1" time="0.074" /><testcase classname="tests.test_member_auth_scope.TestMemberFlow" name="test_10_member_reservations_scoped_to_P1" time="0.086" /><testcase classname="tests.test_member_auth_scope.TestMemberFlow" name="test_11_member_interventions_scoped_to_P1" time="0.093" /><testcase classname="tests.test_member_auth_scope.TestMemberFlow" name="test_12_member_dashboard_scoped_to_P1" time="0.071" /><testcase classname="tests.test_member_auth_scope.TestMemberFlow" name="test_13_invite_sends_email_ok" time="0.427" /></testsuite></testsuites>