<?xml version="1.0" encoding="utf-8"?><testsuites name="pytest tests"><testsuite name="pytest" errors="0" failures="0" skipped="1" tests="13" time="2.276" timestamp="2026-08-24T18:39:17.675480+00:00" hostname="agent-env-03ff9660-7f11-4fba-ab9b-1022dbdbf04b"><testcase classname="tests.test_iter26_messaging_preferences.TestMessagingSend" name="test_send_email_success" time="0.740" /><testcase classname="tests.test_iter26_messaging_preferences.TestPreferences" name="test_get_preferences_has_new_fields" time="0.433" /><testcase classname="tests.test_iter26_messaging_preferences.TestPreferences" name="test_put_getyourguide_url_persists" time="0.305" /><testcase classname="tests.test_iter26_messaging_preferences.TestPreferences" name="test_put_cleaning_offset_persists_and_clamps" time="0.331" /><testcase classname="tests.test_iter26_messaging_preferences.TestMessagingSend" name="test_send_email_no_email_returns_reason" time="0.085" /><testcase classname="tests.test_iter26_messaging_preferences.TestMessagingSend" name="test_send_platform_no_channex_booking_returns_reason" time="0.131" /><testcase classname="tests.test_iter26_messaging_preferences.TestMessagingSend" name="test_send_empty_body_returns_400" time="0.141" /><testcase classname="tests.test_iter26_messaging_preferences.TestPreferences" name="test_cleaning_offset_regenerates_future_auto_cleanings" time="0.313" /><testcase classname="tests.test_iter26_messaging_preferences.TestMessagingSend" name="test_send_unknown_channel_returns_400" time="0.105" /><testcase classname="tests.test_iter26_messaging_preferences.TestOwnerStatementAirbnbTax" name="test_airbnb_tax_excluded_from_to_reverse" time="0.130" /><testcase classname="tests.test_iter26_messaging_preferences.TestInboxThreadReservationId" name="test_inbox_thread_returns_reservation_id_field" time="0.090"><skipped type="pytest.skip" message="Channel manager not connected: {&quot;detail&quot;:&quot;Channel manager non connecté&quot;}">/app/backend/tests/test_iter26_messaging_preferences.py:407: Channel manager not connected: {"detail":"Channel manager non connecté"}</skipped></testcase><testcase classname="tests.test_iter26_messaging_preferences.TestMessagingContext" name="test_context_returns_all_channels_and_rendered_vars" time="0.126" /><testcase classname="tests.test_iter26_messaging_preferences.TestMessagingContext" name="test_context_not_found_returns_404" time="0.079" /></testsuite></testsuites>