<?xml version="1.0" encoding="utf-8"?><testsuites name="pytest tests"><testsuite name="pytest" errors="0" failures="0" skipped="0" tests="8" time="2.411" timestamp="2026-08-26T05:59:37.741128+00:00" hostname="agent-env-03ff9660-7f11-4fba-ab9b-1022dbdbf04b"><testcase classname="tests.test_iter30_auto_charge.TestAutoCharge" name="test_01_first_attempt_returns_402_carte_indisponible" time="0.944" /><testcase classname="tests.test_iter30_auto_charge.TestAutoCharge" name="test_02_second_attempt_increments_attempts" time="0.151" /><testcase classname="tests.test_iter30_auto_charge.TestAutoCharge" name="test_03_status_done_returns_deja_encaisse" time="0.084" /><testcase classname="tests.test_iter30_auto_charge.TestAutoCharge" name="test_04_due_zero_returns_no_amount_due" time="0.085" /><testcase classname="tests.test_iter30_auto_charge.TestAutoCharge" name="test_05_get_preferences_has_auto_charge_block" time="0.076" /><testcase classname="tests.test_iter30_auto_charge.TestAutoCharge" name="test_06_update_auto_charge_days_before_45" time="0.313" /><testcase classname="tests.test_iter30_auto_charge.TestAutoCharge" name="test_07_list_reservations_ok" time="0.145" /><testcase classname="tests.test_iter30_auto_charge.TestAutoCharge" name="test_08_channex_status_connected_production" time="0.075" /></testsuite></testsuites>