<?xml version="1.0" encoding="utf-8"?><testsuites name="pytest tests"><testsuite name="pytest" errors="0" failures="0" skipped="0" tests="11" time="3.866" timestamp="2026-08-24T21:17:42.617387+00:00" hostname="agent-env-03ff9660-7f11-4fba-ab9b-1022dbdbf04b"><testcase classname="tests.test_iter27_accounting.TestRecurring" name="test_recurring_creates_transactions_and_no_duplicates" time="0.304" /><testcase classname="tests.test_iter27_accounting.TestTransactionsCRUD" name="test_create_depense_20_and_verify_ht_vat_split" time="0.416" /><testcase classname="tests.test_iter27_accounting.TestRecurring" name="test_recurring_put_ok" time="0.035" /><testcase classname="tests.test_iter27_accounting.TestRecurring" name="test_recurring_delete_ok" time="0.104" /><testcase classname="tests.test_iter27_accounting.TestTransactionsCRUD" name="test_create_recette_vat0_ht_equals_ttc" time="0.157" /><testcase classname="tests.test_iter27_accounting.TestMeta" name="test_meta_returns_categories_and_vat_rates" time="0.032" /><testcase classname="tests.test_iter27_accounting.TestSummary" name="test_summary_reflects_created_entries" time="0.030" /><testcase classname="tests.test_iter27_accounting.TestImportRevenues" name="test_import_revenues_then_no_duplicates" time="0.101" /><testcase classname="tests.test_iter27_accounting.TestTransactionsCRUD" name="test_update_transaction_recalculates_ht_vat" time="0.186" /><testcase classname="tests.test_iter27_accounting.TestScanReceipt" name="test_scan_receipt_returns_valid_json" time="2.849" /><testcase classname="tests.test_iter27_accounting.TestTransactionsCRUD" name="test_delete_then_second_delete_returns_404" time="0.786" /></testsuite></testsuites>