<?xml version="1.0" encoding="utf-8"?><testsuites name="pytest tests"><testsuite name="pytest" errors="0" failures="0" skipped="0" tests="6" time="1.476" timestamp="2026-08-22T20:29:57.845366+00:00" hostname="agent-env-03ff9660-7f11-4fba-ab9b-1022dbdbf04b"><testcase classname="tests.test_calendar_prices_defaults" name="test_login_ok" time="0.192" /><testcase classname="tests.test_calendar_prices_defaults" name="test_login_bad_password_401" time="0.233" /><testcase classname="tests.test_calendar_prices_defaults" name="test_get_properties_returns_defaults_keys" time="0.195" /><testcase classname="tests.test_calendar_prices_defaults" name="test_put_property_preserves_default_fees" time="0.147" /><testcase classname="tests.test_calendar_prices_defaults" name="test_put_property_promo_season_persists_and_prime" time="0.189" /><testcase classname="tests.test_calendar_prices_defaults" name="test_unauthenticated_properties_401" time="0.087" /></testsuite></testsuites>