<?xml version="1.0" encoding="utf-8"?><testsuites name="pytest tests"><testsuite name="pytest" errors="0" failures="0" skipped="0" tests="5" time="3.849" timestamp="2026-08-23T05:36:09.083985+00:00" hostname="agent-env-03ff9660-7f11-4fba-ab9b-1022dbdbf04b"><testcase classname="tests.test_tourist_tax_sendkeys.TestPropertyTaxPersistence" name="test_put_then_get_persists_tax_pct" time="2.753" /><testcase classname="tests.test_tourist_tax_sendkeys.TestPropertyTaxPersistence" name="test_put_zero_persists" time="0.153" /><testcase classname="tests.test_tourist_tax_sendkeys.TestSendKeysManualReservation" name="test_send_keys_without_key_info_returns_no_key_info" time="0.375" /><testcase classname="tests.test_tourist_tax_sendkeys.TestSendKeysManualReservation" name="test_send_keys_with_key_info_manual_returns_no_messaging" time="0.246" /><testcase classname="tests.test_tourist_tax_sendkeys.TestSendKeysManualReservation" name="test_send_keys_404_on_unknown_reservation" time="0.297" /></testsuite></testsuites>