<?xml version="1.0" encoding="utf-8"?><testsuites name="pytest tests"><testsuite name="pytest" errors="0" failures="0" skipped="0" tests="10" time="5.108" timestamp="2026-08-26T16:49:18.998259+00:00" hostname="agent-env-03ff9660-7f11-4fba-ab9b-1022dbdbf04b"><testcase classname="tests.test_iter31_channex_inbox_reviews.TestReviews" name="test_reviews_list_has_ota" time="0.423" /><testcase classname="tests.test_iter31_channex_inbox_reviews.TestInbox" name="test_inbox_list_has_channex_conversations" time="0.789" /><testcase classname="tests.test_iter31_channex_inbox_reviews.TestReviews" name="test_reviews_summary" time="0.045" /><testcase classname="tests.test_iter31_channex_inbox_reviews.TestReviews" name="test_ai_reply_generates_text" time="3.969" /><testcase classname="tests.test_iter31_channex_inbox_reviews.TestInbox" name="test_inbox_unread_count" time="0.079" /><testcase classname="tests.test_iter31_channex_inbox_reviews.TestInbox" name="test_get_single_channex_thread" time="2.446" /><testcase classname="tests.test_iter31_channex_inbox_reviews.TestInbox" name="test_reply_empty_body_returns_400" time="0.053" /><testcase classname="tests.test_iter31_channex_inbox_reviews.TestReviews" name="test_reply_empty_body_returns_400" time="0.039" /><testcase classname="tests.test_iter31_channex_inbox_reviews.TestReviews" name="test_delete_ota_review_forbidden" time="0.035" /><testcase classname="tests.test_iter31_channex_inbox_reviews.TestReviews" name="test_reply_on_local_review_forbidden" time="0.204" /></testsuite></testsuites>