<?xml version="1.0" encoding="utf-8"?><testsuites name="pytest tests"><testsuite name="pytest" errors="0" failures="1" skipped="0" tests="12" time="2.969" timestamp="2026-08-23T16:01:33.411820+00:00" hostname="agent-env-03ff9660-7f11-4fba-ab9b-1022dbdbf04b"><testcase classname="tests.test_iter21_features.TestKPI" name="test_kpi_by_month" time="0.441" /><testcase classname="tests.test_iter21_features.TestKPI" name="test_kpi_by_range" time="0.098" /><testcase classname="tests.test_iter21_features.TestChecklist" name="test_patch_checklist_returns_4_keys" time="0.591" /><testcase classname="tests.test_iter21_features.TestKPI" name="test_kpi_qa_has_view_revenue" time="0.121" /><testcase classname="tests.test_iter21_features.TestChecklist" name="test_patch_checklist_merges" time="0.075" /><testcase classname="tests.test_iter21_features.TestChecklist" name="test_checklist_preserved_after_put" time="0.228" /><testcase classname="tests.test_iter21_features.TestPromotions" name="test_promotions_crud_and_bounds" time="1.147" /><testcase classname="tests.test_iter21_features.TestChecklist" name="test_checklist_404" time="0.415" /><testcase classname="tests.test_iter21_features.TestReviews" name="test_reviews_full_flow" time="0.363"><failure message="assert 5 == 1">backend/tests/test_iter21_features.py:174: in test_reviews_full_flow
    assert r.json()["rating"] == 1
E   assert 5 == 1</failure></testcase><testcase classname="tests.test_iter21_features.TestPromotions" name="test_promotion_put_404" time="0.082" /><testcase classname="tests.test_iter21_features.TestPreferences" name="test_online_checkin_and_reports" time="0.392" /><testcase classname="tests.test_iter21_features.TestPreferences" name="test_review_days_clamp" time="0.281" /></testsuite></testsuites>