<?xml version="1.0" encoding="utf-8"?><testsuites name="pytest tests"><testsuite name="pytest" errors="0" failures="0" skipped="0" tests="5" time="2.958" timestamp="2026-08-23T05:15:07.494116+00:00" hostname="agent-env-03ff9660-7f11-4fba-ab9b-1022dbdbf04b"><testcase classname="tests.test_keys_caution.TestPropertyKeysPersistence" name="test_put_then_get_persists_key_instructions_and_photos" time="0.944" /><testcase classname="tests.test_keys_caution.TestPublicKeyPhotoRoute" name="test_kp_unknown_path_returns_404" time="0.087" /><testcase classname="tests.test_keys_caution.TestPublicKeyPhotoRoute" name="test_upload_register_then_public_get_serves_image" time="1.124" /><testcase classname="tests.test_keys_caution.TestCautionValidatedManual" name="test_validated_true_manual_returns_keys_not_sent" time="0.331" /><testcase classname="tests.test_keys_caution.TestCautionValidatedManual" name="test_validated_false_manual_unsets" time="0.456" /></testsuite></testsuites>