<?xml version="1.0" encoding="utf-8"?><testsuites name="pytest tests"><testsuite name="pytest" errors="0" failures="0" skipped="0" tests="9" time="1.415" timestamp="2026-08-22T18:15:47.837827+00:00" hostname="agent-env-03ff9660-7f11-4fba-ab9b-1022dbdbf04b"><testcase classname="tests.test_notifications.TestNotifications" name="test_owner_sees_only_pending_drafts" time="0.266" /><testcase classname="tests.test_notifications.TestRefactorRegression" name="test_properties_list" time="0.269" /><testcase classname="tests.test_notifications.TestNotifications" name="test_owner_count_matches" time="0.188" /><testcase classname="tests.test_notifications.TestRefactorRegression" name="test_reservations_list" time="0.079" /><testcase classname="tests.test_notifications.TestRefactorRegression" name="test_preferences_default_shape" time="0.198" /><testcase classname="tests.test_notifications.TestNotifications" name="test_other_user_isolation" time="0.156" /><testcase classname="tests.test_notifications.TestRefactorRegression" name="test_dashboard_shape" time="0.128" /><testcase classname="tests.test_notifications.TestNotifications" name="test_cleaning_member_gate" time="0.104" /><testcase classname="tests.test_notifications.TestNotifications" name="test_notifications_requires_auth" time="0.141" /></testsuite></testsuites>