<?xml version="1.0" encoding="utf-8"?><testsuites name="pytest tests"><testsuite name="pytest" errors="0" failures="0" skipped="0" tests="14" time="4.765" timestamp="2026-08-24T09:39:14.119341+00:00" hostname="agent-env-03ff9660-7f11-4fba-ab9b-1022dbdbf04b"><testcase classname="tests.test_public_booking_site.TestQuote" name="test_quote_ok" time="0.426" /><testcase classname="tests.test_public_booking_site.TestPublicSite" name="test_public_site_no_auth" time="0.235" /><testcase classname="tests.test_public_booking_site.TestPublicSite" name="test_public_site_unknown_slug_404" time="0.189" /><testcase classname="tests.test_public_booking_site.TestPublicSite" name="test_public_property_detail" time="0.074" /><testcase classname="tests.test_public_booking_site.TestQuote" name="test_quote_guests_over_capacity_400" time="0.081" /><testcase classname="tests.test_public_booking_site.TestPublicSite" name="test_public_property_unknown_id_404" time="0.088" /><testcase classname="tests.test_public_booking_site.TestQuote" name="test_quote_invalid_dates_400" time="0.222" /><testcase classname="tests.test_public_booking_site.TestCheckout" name="test_checkout_returns_url_and_status" time="2.296" /><testcase classname="tests.test_public_booking_site.TestQuote" name="test_quote_price_field_ignored_server_recalculates" time="0.784" /><testcase classname="tests.test_public_booking_site.TestQuote" name="test_quote_overlap_returns_409" time="0.353" /><testcase classname="tests.test_public_booking_site.TestRequest" name="test_request_creates_and_deletes" time="0.269" /><testcase classname="tests.test_public_booking_site.TestCheckout" name="test_checkout_price_field_ignored" time="0.841" /><testcase classname="tests.test_public_booking_site.TestPreferencesAndPublish" name="test_preferences_public_site_persists" time="0.237" /><testcase classname="tests.test_public_booking_site.TestPreferencesAndPublish" name="test_property_unpublish_hides_from_public" time="0.393" /></testsuite></testsuites>