<?xml version="1.0" encoding="utf-8"?><testsuites name="pytest tests"><testsuite name="pytest" errors="0" failures="0" skipped="0" tests="9" time="21.700" timestamp="2026-08-24T12:48:46.570113+00:00" hostname="agent-env-03ff9660-7f11-4fba-ab9b-1022dbdbf04b"><testcase classname="tests.test_help_ai.TestPricingNonRegression" name="test_pricing_auth_required" time="0.268" /><testcase classname="tests.test_help_ai.TestHelpAsk" name="test_help_ask_requires_auth" time="0.269" /><testcase classname="tests.test_help_ai.TestPricingNonRegression" name="test_pricing_property_not_found" time="0.102" /><testcase classname="tests.test_help_ai.TestHelpAsk" name="test_help_ask_empty_question_returns_400" time="0.149" /><testcase classname="tests.test_help_ai.TestPricingNonRegression" name="test_pricing_ok" time="17.768" /><testcase classname="tests.test_help_ai.TestHelpAsk" name="test_help_ask_returns_french_answer" time="9.589" /><testcase classname="tests.test_help_ai.TestHelpAsk" name="test_help_ask_with_screen_context" time="7.756" /><testcase classname="tests.test_help_ai.TestGuestReplyNonRegression" name="test_guest_reply_auth_required" time="0.105" /><testcase classname="tests.test_help_ai.TestGuestReplyNonRegression" name="test_guest_reply_ok" time="2.857" /></testsuite></testsuites>