<?xml version="1.0" encoding="utf-8"?><testsuites name="pytest tests"><testsuite name="pytest" errors="0" failures="0" skipped="0" tests="116" time="27.796" timestamp="2026-08-21T17:11:02.290238+00:00" hostname="agent-env-03ff9660-7f11-4fba-ab9b-1022dbdbf04b"><testcase classname="tests.test_backend" name="test_endpoints_require_auth[GET-/api/auth/me]" time="0.129" /><testcase classname="tests.test_lodgify_channel.TestLodgifyFlow" name="test_01_connect_invalid_key" time="0.260" /><testcase classname="tests.test_backend" name="test_endpoints_require_auth[GET-/api/properties]" time="0.187" /><testcase classname="tests.test_lodgify_channel.TestLodgifyFlow" name="test_02_connect_valid" time="0.971" /><testcase classname="tests.test_backend" name="test_endpoints_require_auth[POST-/api/properties]" time="0.076" /><testcase classname="tests.test_backend" name="test_endpoints_require_auth[GET-/api/properties/x]" time="0.096" /><testcase classname="tests.test_backend" name="test_endpoints_require_auth[PUT-/api/properties/x]" time="0.080" /><testcase classname="tests.test_backend" name="test_endpoints_require_auth[DELETE-/api/properties/x]" time="0.069" /><testcase classname="tests.test_backend" name="test_endpoints_require_auth[GET-/api/reservations]" time="0.081" /><testcase classname="tests.test_backend" name="test_endpoints_require_auth[POST-/api/reservations]" time="0.120" /><testcase classname="tests.test_backend" name="test_endpoints_require_auth[PUT-/api/reservations/x]" time="0.086" /><testcase classname="tests.test_backend" name="test_endpoints_require_auth[PATCH-/api/reservations/x/status]" time="0.101" /><testcase classname="tests.test_backend" name="test_endpoints_require_auth[DELETE-/api/reservations/x]" time="0.071" /><testcase classname="tests.test_backend" name="test_endpoints_require_auth[GET-/api/interventions]" time="0.070" /><testcase classname="tests.test_backend" name="test_endpoints_require_auth[POST-/api/interventions]" time="0.072" /><testcase classname="tests.test_lodgify_channel.TestLodgifyFlow" name="test_03_status_connected" time="0.080" /><testcase classname="tests.test_backend" name="test_endpoints_require_auth[PUT-/api/interventions/x]" time="0.118" /><testcase classname="tests.test_lodgify_channel.TestLodgifyFlow" name="test_04_sync_without_linked_property_400" time="0.129" /><testcase classname="tests.test_backend" name="test_endpoints_require_auth[DELETE-/api/interventions/x]" time="0.113" /><testcase classname="tests.test_lodgify_channel.TestLodgifyFlow" name="test_05_import_properties" time="1.696" /><testcase classname="tests.test_backend" name="test_endpoints_require_auth[GET-/api/dashboard]" time="0.124" /><testcase classname="tests.test_backend" name="test_endpoints_require_auth[POST-/api/ai/guest-reply]" time="0.069" /><testcase classname="tests.test_backend" name="test_endpoints_require_auth[POST-/api/ai/pricing-suggestion]" time="0.079" /><testcase classname="tests.test_backend" name="test_endpoints_require_auth[GET-/api/preferences]" time="0.071" /><testcase classname="tests.test_backend" name="test_endpoints_require_auth[PUT-/api/preferences]" time="0.074" /><testcase classname="tests.test_backend" name="test_auth_session_bad_id" time="0.280" /><testcase classname="tests.test_backend" name="test_auth_me_returns_user" time="0.078" /><testcase classname="tests.test_backend" name="test_data_isolation" time="0.185" /><testcase classname="tests.test_backend" name="test_preferences_scoped_per_user" time="0.215" /><testcase classname="tests.test_backend" name="test_logout" time="0.150" /><testcase classname="tests.test_backend" name="test_interventions_scoped_per_user" time="0.361" /><testcase classname="tests.test_lodgify_channel.TestLodgifyFlow" name="test_06_import_properties_idempotent" time="1.762" /><testcase classname="tests.test_staff_owners.TestAuth401" name="test_staff_list_requires_auth" time="0.067" /><testcase classname="tests.test_staff_owners.TestAuth401" name="test_staff_create_requires_auth" time="0.074" /><testcase classname="tests.test_staff_owners.TestAuth401" name="test_staff_update_requires_auth" time="0.070" /><testcase classname="tests.test_staff_owners.TestAuth401" name="test_staff_delete_requires_auth" time="0.077" /><testcase classname="tests.test_staff_owners.TestAuth401" name="test_owners_list_requires_auth" time="0.069" /><testcase classname="tests.test_staff_owners.TestAuth401" name="test_owners_create_requires_auth" time="0.085" /><testcase classname="tests.test_staff_owners.TestAuth401" name="test_owners_update_requires_auth" time="0.066" /><testcase classname="tests.test_staff_owners.TestAuth401" name="test_owners_delete_requires_auth" time="0.073" /><testcase classname="tests.test_staff_owners.TestAuth401" name="test_owner_summary_requires_auth" time="0.074" /><testcase classname="tests.test_staff_owners.TestAuth401" name="test_inbox_reply_requires_auth" time="0.079" /><testcase classname="tests.test_lodgify_channel.TestAuthRequired" name="test_channel_connect_401" time="0.069" /><testcase classname="tests.test_lodgify_channel.TestAuthRequired" name="test_channel_status_401" time="0.075" /><testcase classname="tests.test_lodgify_channel.TestAuthRequired" name="test_channel_import_401" time="0.072" /><testcase classname="tests.test_lodgify_channel.TestAuthRequired" name="test_channel_remote_properties_401" time="0.075" /><testcase classname="tests.test_lodgify_channel.TestAuthRequired" name="test_channel_sync_401" time="0.072" /><testcase classname="tests.test_lodgify_channel.TestAuthRequired" name="test_inbox_list_401" time="0.117" /><testcase classname="tests.test_lodgify_channel.TestAuthRequired" name="test_inbox_thread_401" time="0.079" /><testcase classname="tests.test_ical_sync.TestSyncImport" name="test_import_creates_two_reservations" time="0.298" /><testcase classname="tests.test_ical_sync.TestSyncImport" name="test_sync_is_idempotent_then_removes_stale" time="0.438" /><testcase classname="tests.test_lodgify_channel.TestLodgifyFlow" name="test_07_status_mapped_count" time="0.075" /><testcase classname="tests.test_lodgify_channel.TestLodgifyFlow" name="test_08_remote_properties_all_imported" time="1.616" /><testcase classname="tests.test_ical_sync.TestSyncImport" name="test_bad_ics_url_records_error" time="0.243" /><testcase classname="tests.test_ical_sync.TestSyncImport" name="test_non_ical_html_response_is_rejected_without_crash" time="0.250" /><testcase classname="tests.test_ical_sync.TestSyncImport" name="test_empty_but_valid_calendar_reports_no_reservations" time="0.242" /><testcase classname="tests.test_ical_sync.TestSyncImport" name="test_http_404_response_reports_http_error" time="0.619" /><testcase classname="tests.test_lodgify_channel.TestLodgifyFlow" name="test_09_sync_first" time="1.546" /><testcase classname="tests.test_staff_owners.TestStaffCRUD" name="test_create_staff" time="0.095" /><testcase classname="tests.test_staff_owners.TestStaffCRUD" name="test_create_staff_missing_name" time="0.105" /><testcase classname="tests.test_staff_owners.TestStaffCRUD" name="test_list_staff_sorted" time="0.180" /><testcase classname="tests.test_staff_owners.TestStaffCRUD" name="test_update_staff" time="0.126" /><testcase classname="tests.test_staff_owners.TestStaffCRUD" name="test_update_staff_not_found" time="0.080" /><testcase classname="tests.test_staff_owners.TestStaffCRUD" name="test_delete_staff" time="0.173" /><testcase classname="tests.test_staff_owners.TestOwnersCRUD" name="test_create_owner" time="0.257" /><testcase classname="tests.test_staff_owners.TestOwnersCRUD" name="test_list_owners_has_property_count" time="0.575" /><testcase classname="tests.test_lodgify_channel.TestLodgifyFlow" name="test_10_sync_second_updates_only" time="1.372" /><testcase classname="tests.test_staff_owners.TestOwnersCRUD" name="test_update_owner" time="0.542" /><testcase classname="tests.test_staff_owners.TestOwnersCRUD" name="test_update_owner_not_found" time="0.078" /><testcase classname="tests.test_staff_owners.TestOwnersCRUD" name="test_delete_owner_unlinks_properties" time="0.402" /><testcase classname="tests.test_backend.TestPreferences" name="test_get_returns_defaults_shape" time="0.074" /><testcase classname="tests.test_backend.TestPreferences" name="test_put_partial_merges_with_defaults" time="0.086" /><testcase classname="tests.test_backend.TestPreferences" name="test_put_custom_status_persists_and_core_retained" time="0.148" /><testcase classname="tests.test_lodgify_channel.TestLodgifyFlow" name="test_11_inbox_list" time="0.100" /><testcase classname="tests.test_backend.TestPreferences" name="test_core_keys_always_retained_even_if_omitted" time="0.114" /><testcase classname="tests.test_lodgify_channel.TestLodgifyFlow" name="test_12_inbox_thread_messages" time="0.215" /><testcase classname="tests.test_auto_cleaning.TestInterventionFields" name="test_post_persists_done_reason_auto_and_get_returns_them" time="0.217" /><testcase classname="tests.test_lodgify_channel.TestLodgifyFlow" name="test_13_update_property_preserves_lodgify_id" time="0.255" /><testcase classname="tests.test_auto_cleaning.TestInterventionFields" name="test_put_can_mark_done_and_set_reason" time="0.243" /><testcase classname="tests.test_auto_cleaning.TestInterventionFields" name="test_auth_still_guards_new_endpoints" time="0.117" /><testcase classname="tests.test_auto_cleaning.TestAutoCleaningOnCreate" name="test_menage_auto_created_on_checkout_date" time="0.363" /><testcase classname="tests.test_backend.TestProperties" name="test_list_empty" time="0.079" /><testcase classname="tests.test_backend.TestProperties" name="test_full_crud_with_nested" time="0.375" /><testcase classname="tests.test_auto_cleaning.TestAutoCleaningOnCreate" name="test_idempotent_same_property_and_checkout" time="0.690" /><testcase classname="tests.test_backend.TestProperties" name="test_get_nonexistent" time="0.117" /><testcase classname="tests.test_backend.TestAI" name="test_guest_reply" time="2.462" /><testcase classname="tests.test_backend.TestAI" name="test_pricing_suggestion" time="11.509" /><testcase classname="tests.test_auto_cleaning.TestAutoCleaningOnCreate" name="test_annulee_does_not_create_auto_cleaning" time="5.495" /><testcase classname="tests.test_ical_sync.TestSyncAuthAndErrors" name="test_sync_requires_auth" time="0.114" /><testcase classname="tests.test_ical_sync.TestSyncAuthAndErrors" name="test_sync_unknown_property_404" time="0.087" /><testcase classname="tests.test_ical_sync.TestSyncAuthAndErrors" name="test_sync_property_without_links_returns_error_message" time="0.174" /><testcase classname="tests.test_staff_owners.TestInboxReplyValidation" name="test_empty_message_returns_400" time="0.071" /><testcase classname="tests.test_staff_owners.TestInboxReplyValidation" name="test_whitespace_message_returns_400" time="0.067" /><testcase classname="tests.test_staff_owners.TestInboxReplyValidation" name="test_unknown_thread_returns_404_or_400" time="1.432" /><testcase classname="tests.test_backend.TestReservations" name="test_reservation_crud_and_filters" time="0.398" /><testcase classname="tests.test_backend.TestReservations" name="test_reservation_update_nonexistent" time="0.075" /><testcase classname="tests.test_backend.TestCustomStatusPatch" name="test_patch_accepts_custom_status_from_preferences" time="0.381" /><testcase classname="tests.test_backend.TestCustomStatusPatch" name="test_patch_unknown_reservation_still_404" time="0.161" /><testcase classname="tests.test_backend.TestPropertyRichFields" name="test_create_and_reput_preserves_all_fields" time="0.312" /><testcase classname="tests.test_backend.TestPropertyRichFields" name="test_defaults_applied_when_new_fields_omitted" time="0.138" /><testcase classname="tests.test_backend.TestPropertyAddressComplement" name="test_address_complement_persists_and_full_put_preserves_all_fields" time="0.265" /><testcase classname="tests.test_backend.TestPropertyAddressComplement" name="test_address_complement_defaults_to_empty" time="0.114" /><testcase classname="tests.test_staff_owners.TestPropertyOwnerAndLodgifyPreservation" name="test_put_without_owner_id_preserves" time="0.379" /><testcase classname="tests.test_staff_owners.TestPropertyOwnerAndLodgifyPreservation" name="test_put_with_empty_owner_id_clears_link" time="0.443" /><testcase classname="tests.test_auto_cleaning.TestDashboardExcludesDone" name="test_done_future_excluded_and_not_done_future_included" time="0.363" /><testcase classname="tests.test_auto_cleaning.TestAutoCleaningOnUpdate" name="test_put_new_checkout_creates_new_auto_menage" time="0.558" /><testcase classname="tests.test_auto_cleaning.TestAutoCleaningIcalSync" name="test_sync_creates_auto_menage_on_event_checkout" time="0.754" /><testcase classname="tests.test_backend.TestDashboard" name="test_dashboard_shape" time="0.210" /><testcase classname="tests.test_backend.TestDashboardCurrentStays" name="test_current_stays_full_scenario" time="0.604" /><testcase classname="tests.test_backend.TestInterventions" name="test_interventions_full_crud" time="0.961" /><testcase classname="tests.test_backend.TestAI" name="test_pricing_suggestion_bad_property" time="0.076" /><testcase classname="tests.test_backend.TestDashboardInterventions" name="test_dashboard_interventions_filter_and_enrichment" time="0.505" /><testcase classname="tests.test_staff_owners.TestOwnerSummary" name="test_summary_not_found" time="0.150" /><testcase classname="tests.test_ical_sync.TestParserUnit" name="test_parse_date_and_datetime_and_folding" time="1.706" /><testcase classname="tests.test_staff_owners.TestOwnerSummary" name="test_summary_computation" time="0.684" /><testcase classname="tests.test_staff_owners.TestOwnerSummary" name="test_summary_no_properties" time="0.321" /></testsuite></testsuites>