<?xml version="1.0" encoding="utf-8"?><testsuites name="pytest tests"><testsuite name="pytest" errors="0" failures="0" skipped="0" tests="23" time="3.508" timestamp="2026-08-23T13:59:40.029722+00:00" hostname="agent-env-03ff9660-7f11-4fba-ab9b-1022dbdbf04b"><testcase classname="tests.test_owner_channex_rooms.TestOwnerStatement" name="test_month_period_key_and_label" time="0.367" /><testcase classname="tests.test_owner_channex_rooms.TestOwnerStatement" name="test_range_period_key_and_label" time="0.089" /><testcase classname="tests.test_owner_channex_rooms.TestOwnerStatement" name="test_range_end_before_start_400" time="0.076" /><testcase classname="tests.test_owner_channex_rooms.TestOwnerStatement" name="test_invalid_dates_400" time="0.146" /><testcase classname="tests.test_owner_channex_rooms.TestOwnerStatement" name="test_invalid_month_400" time="0.078" /><testcase classname="tests.test_owner_channex_rooms.TestPendingSend" name="test_default_defaults_to_previous_month" time="0.078" /><testcase classname="tests.test_owner_channex_rooms.TestPendingSend" name="test_explicit_month" time="0.081" /><testcase classname="tests.test_owner_channex_rooms.TestRoomsCRUD" name="test_room_persists_via_list" time="0.224" /><testcase classname="tests.test_owner_channex_rooms.TestRoomsCRUD" name="test_update_room" time="0.048" /><testcase classname="tests.test_owner_channex_rooms.TestRoomsCRUD" name="test_update_unknown_room_404" time="0.060" /><testcase classname="tests.test_owner_channex_rooms.TestRoomsCRUD" name="test_delete_unknown_room_404" time="0.194" /><testcase classname="tests.test_owner_channex_rooms.TestRatePlansCRUD" name="test_rate_persists_via_list" time="0.236" /><testcase classname="tests.test_owner_channex_rooms.TestRatePlansCRUD" name="test_update_rate" time="0.039" /><testcase classname="tests.test_owner_channex_rooms.TestRatePlansCRUD" name="test_update_unknown_rate_404" time="0.150" /><testcase classname="tests.test_owner_channex_rooms.TestAvailability" name="test_set_5_days" time="0.168" /><testcase classname="tests.test_owner_channex_rooms.TestAvailability" name="test_get_returns_5_days_with_min_stay" time="0.075" /><testcase classname="tests.test_owner_channex_rooms.TestAvailability" name="test_bad_dates_400" time="0.035" /><testcase classname="tests.test_owner_channex_rooms.TestAvailability" name="test_unknown_room_404" time="0.126" /><testcase classname="tests.test_owner_channex_rooms.TestRoomDeleteCleansAvailability" name="test_cascade_cleanup" time="0.235" /><testcase classname="tests.test_owner_channex_rooms.TestChannex" name="test_status_connected_staging" time="0.037" /><testcase classname="tests.test_owner_channex_rooms.TestChannex" name="test_list_properties_empty" time="0.436" /><testcase classname="tests.test_owner_channex_rooms.TestChannex" name="test_import_zero" time="0.443" /><testcase classname="tests.test_owner_channex_rooms.TestChannex" name="test_sync_logs_present" time="0.033" /></testsuite></testsuites>