<?xml version="1.0" encoding="utf-8"?><testsuites name="pytest tests"><testsuite name="pytest" errors="0" failures="0" skipped="0" tests="7" time="2.005" timestamp="2026-08-23T16:25:29.958505+00:00" hostname="agent-env-03ff9660-7f11-4fba-ab9b-1022dbdbf04b"><testcase classname="tests.test_iter22_features.TestReviewRatingClamp" name="test_rating_zero_clamps_to_one" time="0.702" /><testcase classname="tests.test_iter22_features.TestDynamicPricing" name="test_dynamic_pricing_shape_and_weekend" time="0.646" /><testcase classname="tests.test_iter22_features.TestDynamicPricing" name="test_dynamic_pricing_invalid_dates_400" time="0.099" /><testcase classname="tests.test_iter22_features.TestReviewRatingClamp" name="test_rating_seven_clamps_to_five" time="0.210" /><testcase classname="tests.test_iter22_features.TestDynamicPricing" name="test_dynamic_pricing_unknown_id_404" time="0.117" /><testcase classname="tests.test_iter22_features.TestDynamicPricing" name="test_dynamic_pricing_config_persistence" time="0.735" /><testcase classname="tests.test_iter22_features.TestPropertyPhotos" name="test_photos_preserved_and_cleared" time="0.455" /></testsuite></testsuites>