<?xml version="1.0" encoding="utf-8"?><testsuites name="pytest tests"><testsuite name="pytest" errors="0" failures="0" skipped="0" tests="9" time="2.761" timestamp="2026-08-23T06:13:10.502545+00:00" hostname="agent-env-03ff9660-7f11-4fba-ab9b-1022dbdbf04b"><testcase classname="tests.test_deposits_sync_interval.TestSyncInterval" name="test_status_exposes_sync_interval_min" time="0.773" /><testcase classname="tests.test_deposits_sync_interval.TestSyncInterval" name="test_set_valid_intervals_persist" time="0.873" /><testcase classname="tests.test_deposits_sync_interval.TestSyncInterval" name="test_lower_bound_clamped_to_5" time="0.070" /><testcase classname="tests.test_deposits_sync_interval.TestSyncInterval" name="test_upper_bound_clamped_to_1440" time="0.170" /><testcase classname="tests.test_deposits_sync_interval.TestDepositsFlow" name="test_deposit_link_persists_on_property" time="0.274" /><testcase classname="tests.test_deposits_sync_interval.TestDepositsFlow" name="test_pending_lists_manual_reservation" time="0.105" /><testcase classname="tests.test_deposits_sync_interval.TestDepositsFlow" name="test_send_deposit_link_manual_no_messaging" time="0.071" /><testcase classname="tests.test_deposits_sync_interval.TestDepositsFlow" name="test_pending_still_lists_after_failed_send" time="0.319" /><testcase classname="tests.test_deposits_sync_interval.TestSendDepositLinkGuards" name="test_unknown_reservation_returns_404" time="0.076" /></testsuite></testsuites>